<?xml version="1.0" encoding="UTF-8"?>
<!-- Generated by org.testng.reporters.JUnitXMLReporter -->
<testsuite hostname="DESKTOP-SN4CQBL" ignored="0" name="Test" tests="7" failures="0" timestamp="02 May 2019 21:19:56 GMT" time="0.049" errors="0">
  <testcase name="IOSAPPS" time="0.007" classname="qaclickacademy.APPiumTest"/>
  <testcase name="NativeAPPAndriod" time="0.0" classname="qaclickacademy.APPiumTest"/>
  <testcase name="selenium2" time="0.0" classname="qaclickacademy.seleniumTest"/>
  <testcase name="selenium3" time="0.001" classname="qaclickacademy.seleniumTest"/>
  <testcase name="slenium1" time="0.001" classname="qaclickacademy.seleniumTest"/>
  <testcase name="deltetwitter" time="0.0" classname="qaclickacademy.RESTAPITest"/>
  <testcase name="postjira" time="0.001" classname="qaclickacademy.RESTAPITest"/>
</testsuite> <!-- Test -->
